2025-04-22T12:11:13.630+05:30  INFO 9056 --- [ProductCrudSpringDataJpaRest] [restartedMain] .ProductCrudSpringDataJpaRestApplication : Starting ProductCrudSpringDataJpaRestApplication using Java 21 with PID 9056 (C:\Users\2400675\Documents\workspace-spring-tool-suite-4-4.29.0.RELEASE\ProductCrudSpringDataJpaRest\target\classes started by 2400675 in C:\Users\2400675\Documents\workspace-spring-tool-suite-4-4.29.0.RELEASE\ProductCrudSpringDataJpaRest)
2025-04-22T12:11:13.633+05:30  INFO 9056 --- [ProductCrudSpringDataJpaRest] [restartedMain] .ProductCrudSpringDataJpaRestApplication : No active profile set, falling back to 1 default profile: "default"
2025-04-22T12:11:13.684+05:30  INFO 9056 --- [ProductCrudSpringDataJpaRest] [restartedMain] .e.DevToolsPropertyDefaultsPostProcessor : Devtools property defaults active! Set 'spring.devtools.add-properties' to 'false' to disable
2025-04-22T12:11:13.685+05:30  INFO 9056 --- [ProductCrudSpringDataJpaRest] [restartedMain] .e.DevToolsPropertyDefaultsPostProcessor : For additional web related logging consider setting the 'logging.level.web' property to 'DEBUG'
2025-04-22T12:11:14.510+05:30  INFO 9056 --- [ProductCrudSpringDataJpaRest] [restartedMain] .s.d.r.c.RepositoryConfigurationDelegate : Bootstrapping Spring Data JPA repositories in DEFAULT mode.
2025-04-22T12:11:14.562+05:30  INFO 9056 --- [ProductCrudSpringDataJpaRest] [restartedMain] .s.d.r.c.RepositoryConfigurationDelegate : Finished Spring Data repository scanning in 39 ms. Found 1 JPA repository interface.
2025-04-22T12:11:15.195+05:30  INFO 9056 --- [ProductCrudSpringDataJpaRest] [restartedMain] o.s.b.w.embedded.tomcat.TomcatWebServer  : Tomcat initialized with port 1243 (http)
2025-04-22T12:11:15.211+05:30  INFO 9056 --- [ProductCrudSpringDataJpaRest] [restartedMain] o.apache.catalina.core.StandardService   : Starting service [Tomcat]
2025-04-22T12:11:15.212+05:30  INFO 9056 --- [ProductCrudSpringDataJpaRest] [restartedMain] o.apache.catalina.core.StandardEngine    : Starting Servlet engine: [Apache Tomcat/10.1.39]
2025-04-22T12:11:15.265+05:30  INFO 9056 --- [ProductCrudSpringDataJpaRest] [restartedMain] o.a.c.c.C.[Tomcat].[localhost].[/]       : Initializing Spring embedded WebApplicationContext
2025-04-22T12:11:15.266+05:30  INFO 9056 --- [ProductCrudSpringDataJpaRest] [restartedMain] w.s.c.ServletWebServerApplicationContext : Root WebApplicationContext: initialization completed in 1580 ms
2025-04-22T12:11:15.562+05:30  INFO 9056 --- [ProductCrudSpringDataJpaRest] [restartedMain] o.hibernate.jpa.internal.util.LogHelper  : HHH000204: Processing PersistenceUnitInfo [name: default]
2025-04-22T12:11:15.650+05:30  INFO 9056 --- [ProductCrudSpringDataJpaRest] [restartedMain] org.hibernate.Version                    : HHH000412: Hibernate ORM core version 6.6.11.Final
2025-04-22T12:11:15.702+05:30  INFO 9056 --- [ProductCrudSpringDataJpaRest] [restartedMain] o.h.c.internal.RegionFactoryInitiator    : HHH000026: Second-level cache disabled
2025-04-22T12:11:16.042+05:30  INFO 9056 --- [ProductCrudSpringDataJpaRest] [restartedMain] o.s.o.j.p.SpringPersistenceUnitInfo      : No LoadTimeWeaver setup: ignoring JPA class transformer
2025-04-22T12:11:16.074+05:30  INFO 9056 --- [ProductCrudSpringDataJpaRest] [restartedMain] com.zaxxer.hikari.HikariDataSource       : HikariPool-1 - Starting...
2025-04-22T12:11:16.354+05:30  INFO 9056 --- [ProductCrudSpringDataJpaRest] [restartedMain] com.zaxxer.hikari.pool.HikariPool        : HikariPool-1 - Added connection com.mysql.cj.jdbc.ConnectionImpl@4faea011
2025-04-22T12:11:16.359+05:30  INFO 9056 --- [ProductCrudSpringDataJpaRest] [restartedMain] com.zaxxer.hikari.HikariDataSource       : HikariPool-1 - Start completed.
2025-04-22T12:11:16.414+05:30  WARN 9056 --- [ProductCrudSpringDataJpaRest] [restartedMain] org.hibernate.orm.deprecation            : HHH90000025: MySQLDialect does not need to be specified explicitly using 'hibernate.dialect' (remove the property setting and it will be selected by default)
2025-04-22T12:11:16.430+05:30  INFO 9056 --- [ProductCrudSpringDataJpaRest] [restartedMain] org.hibernate.orm.connections.pooling    : HHH10001005: Database info:
	Database JDBC URL [Connecting through datasource 'HikariDataSource (HikariPool-1)']
	Database driver: undefined/unknown
	Database version: 8.0.41
	Autocommit mode: undefined/unknown
	Isolation level: undefined/unknown
	Minimum pool size: undefined/unknown
	Maximum pool size: undefined/unknown
2025-04-22T12:11:17.225+05:30  INFO 9056 --- [ProductCrudSpringDataJpaRest] [restartedMain] o.h.e.t.j.p.i.JtaPlatformInitiator       : HHH000489: No JTA platform available (set 'hibernate.transaction.jta.platform' to enable JTA platform integration)
2025-04-22T12:11:17.320+05:30  INFO 9056 --- [ProductCrudSpringDataJpaRest] [restartedMain] j.LocalContainerEntityManagerFactoryBean : Initialized JPA EntityManagerFactory for persistence unit 'default'
2025-04-22T12:11:17.662+05:30  WARN 9056 --- [ProductCrudSpringDataJpaRest] [restartedMain] JpaBaseConfiguration$JpaWebConfiguration : spring.jpa.open-in-view is enabled by default. Therefore, database queries may be performed during view rendering. Explicitly configure spring.jpa.open-in-view to disable this warning
2025-04-22T12:11:18.388+05:30  INFO 9056 --- [ProductCrudSpringDataJpaRest] [restartedMain] o.s.b.d.a.OptionalLiveReloadServer       : LiveReload server is running on port 35729
2025-04-22T12:11:18.399+05:30  INFO 9056 --- [ProductCrudSpringDataJpaRest] [restartedMain] o.s.b.a.e.web.EndpointLinksResolver      : Exposing 15 endpoints beneath base path '/actuator'
2025-04-22T12:11:18.478+05:30  INFO 9056 --- [ProductCrudSpringDataJpaRest] [restartedMain] o.s.b.w.embedded.tomcat.TomcatWebServer  : Tomcat started on port 1243 (http) with context path '/'
2025-04-22T12:11:18.489+05:30  INFO 9056 --- [ProductCrudSpringDataJpaRest] [restartedMain] .ProductCrudSpringDataJpaRestApplication : Started ProductCrudSpringDataJpaRestApplication in 5.222 seconds (process running for 5.738)
2025-04-22T12:11:18.986+05:30  INFO 9056 --- [ProductCrudSpringDataJpaRest] [RMI TCP Connection(9)-127.0.0.1] o.a.c.c.C.[Tomcat].[localhost].[/]       : Initializing Spring DispatcherServlet 'dispatcherServlet'
2025-04-22T12:11:18.986+05:30  INFO 9056 --- [ProductCrudSpringDataJpaRest] [RMI TCP Connection(9)-127.0.0.1] o.s.web.servlet.DispatcherServlet        : Initializing Servlet 'dispatcherServlet'
2025-04-22T12:11:18.987+05:30  INFO 9056 --- [ProductCrudSpringDataJpaRest] [RMI TCP Connection(9)-127.0.0.1] o.s.web.servlet.DispatcherServlet        : Completed initialization in 1 ms
2025-04-22T12:16:20.347+05:30 ERROR 9056 --- [ProductCrudSpringDataJpaRest] [http-nio-1243-exec-4] o.a.c.c.C.[.[.[/].[dispatcherServlet]    : Servlet.service() for servlet [dispatcherServlet] in context with path [] threw exception [Request processing failed: com.cts.exceptions.ProductNotFound: Product Id is not valid] with root cause

com.cts.exceptions.ProductNotFound: Product Id is not valid
	at com.cts.service.ProductServiceImp.getProduct(ProductServiceImp.java:50) ~[classes/:na]
	at com.cts.controller.ProductController.fetchProduct(ProductController.java:44) ~[classes/:na]
	at java.base/jdk.internal.reflect.DirectMethodHandleAccessor.invoke(DirectMethodHandleAccessor.java:103) ~[na:na]
	at java.base/java.lang.reflect.Method.invoke(Method.java:580) ~[na:na]
	at org.springframework.web.method.support.InvocableHandlerMethod.doInvoke(InvocableHandlerMethod.java:258) ~[spring-web-6.2.5.jar:6.2.5]
	at org.springframework.web.method.support.InvocableHandlerMethod.invokeForRequest(InvocableHandlerMethod.java:191) ~[spring-web-6.2.5.jar:6.2.5]
	at org.springframework.web.servlet.mvc.method.annotation.ServletInvocableHandlerMethod.invokeAndHandle(ServletInvocableHandlerMethod.java:118) ~[spring-webmvc-6.2.5.jar:6.2.5]
	at org.springframework.web.servlet.mvc.method.annotation.RequestMappingHandlerAdapter.invokeHandlerMethod(RequestMappingHandlerAdapter.java:986) ~[spring-webmvc-6.2.5.jar:6.2.5]
	at org.springframework.web.servlet.mvc.method.annotation.RequestMappingHandlerAdapter.handleInternal(RequestMappingHandlerAdapter.java:891) ~[spring-webmvc-6.2.5.jar:6.2.5]
	at org.springframework.web.servlet.mvc.method.AbstractHandlerMethodAdapter.handle(AbstractHandlerMethodAdapter.java:87) ~[spring-webmvc-6.2.5.jar:6.2.5]
	at org.springframework.web.servlet.DispatcherServlet.doDispatch(DispatcherServlet.java:1089) ~[spring-webmvc-6.2.5.jar:6.2.5]
	at org.springframework.web.servlet.DispatcherServlet.doService(DispatcherServlet.java:979) ~[spring-webmvc-6.2.5.jar:6.2.5]
	at org.springframework.web.servlet.FrameworkServlet.processRequest(FrameworkServlet.java:1014) ~[spring-webmvc-6.2.5.jar:6.2.5]
	at org.springframework.web.servlet.FrameworkServlet.doGet(FrameworkServlet.java:903) ~[spring-webmvc-6.2.5.jar:6.2.5]
	at jakarta.servlet.http.HttpServlet.service(HttpServlet.java:564) ~[tomcat-embed-core-10.1.39.jar:6.0]
	at org.springframework.web.servlet.FrameworkServlet.service(FrameworkServlet.java:885) ~[spring-webmvc-6.2.5.jar:6.2.5]
	at jakarta.servlet.http.HttpServlet.service(HttpServlet.java:658) ~[tomcat-embed-core-10.1.39.jar:6.0]
	at org.apache.catalina.core.ApplicationFilterChain.internalDoFilter(ApplicationFilterChain.java:195) ~[tomcat-embed-core-10.1.39.jar:10.1.39]
	at org.apache.catalina.core.ApplicationFilterChain.doFilter(ApplicationFilterChain.java:140) ~[tomcat-embed-core-10.1.39.jar:10.1.39]
	at org.apache.tomcat.websocket.server.WsFilter.doFilter(WsFilter.java:51) ~[tomcat-embed-websocket-10.1.39.jar:10.1.39]
	at org.apache.catalina.core.ApplicationFilterChain.internalDoFilter(ApplicationFilterChain.java:164) ~[tomcat-embed-core-10.1.39.jar:10.1.39]
	at org.apache.catalina.core.ApplicationFilterChain.doFilter(ApplicationFilterChain.java:140) ~[tomcat-embed-core-10.1.39.jar:10.1.39]
	at org.springframework.web.filter.RequestContextFilter.doFilterInternal(RequestContextFilter.java:100) ~[spring-web-6.2.5.jar:6.2.5]
	at org.springframework.web.filter.OncePerRequestFilter.doFilter(OncePerRequestFilter.java:116) ~[spring-web-6.2.5.jar:6.2.5]
	at org.apache.catalina.core.ApplicationFilterChain.internalDoFilter(ApplicationFilterChain.java:164) ~[tomcat-embed-core-10.1.39.jar:10.1.39]
	at org.apache.catalina.core.ApplicationFilterChain.doFilter(ApplicationFilterChain.java:140) ~[tomcat-embed-core-10.1.39.jar:10.1.39]
	at org.springframework.web.filter.FormContentFilter.doFilterInternal(FormContentFilter.java:93) ~[spring-web-6.2.5.jar:6.2.5]
	at org.springframework.web.filter.OncePerRequestFilter.doFilter(OncePerRequestFilter.java:116) ~[spring-web-6.2.5.jar:6.2.5]
	at org.apache.catalina.core.ApplicationFilterChain.internalDoFilter(ApplicationFilterChain.java:164) ~[tomcat-embed-core-10.1.39.jar:10.1.39]
	at org.apache.catalina.core.ApplicationFilterChain.doFilter(ApplicationFilterChain.java:140) ~[tomcat-embed-core-10.1.39.jar:10.1.39]
	at org.springframework.web.filter.ServerHttpObservationFilter.doFilterInternal(ServerHttpObservationFilter.java:114) ~[spring-web-6.2.5.jar:6.2.5]
	at org.springframework.web.filter.OncePerRequestFilter.doFilter(OncePerRequestFilter.java:116) ~[spring-web-6.2.5.jar:6.2.5]
	at org.apache.catalina.core.ApplicationFilterChain.internalDoFilter(ApplicationFilterChain.java:164) ~[tomcat-embed-core-10.1.39.jar:10.1.39]
	at org.apache.catalina.core.ApplicationFilterChain.doFilter(ApplicationFilterChain.java:140) ~[tomcat-embed-core-10.1.39.jar:10.1.39]
	at org.springframework.web.filter.CharacterEncodingFilter.doFilterInternal(CharacterEncodingFilter.java:201) ~[spring-web-6.2.5.jar:6.2.5]
	at org.springframework.web.filter.OncePerRequestFilter.doFilter(OncePerRequestFilter.java:116) ~[spring-web-6.2.5.jar:6.2.5]
	at org.apache.catalina.core.ApplicationFilterChain.internalDoFilter(ApplicationFilterChain.java:164) ~[tomcat-embed-core-10.1.39.jar:10.1.39]
	at org.apache.catalina.core.ApplicationFilterChain.doFilter(ApplicationFilterChain.java:140) ~[tomcat-embed-core-10.1.39.jar:10.1.39]
	at org.apache.catalina.core.StandardWrapperValve.invoke(StandardWrapperValve.java:167) ~[tomcat-embed-core-10.1.39.jar:10.1.39]
	at org.apache.catalina.core.StandardContextValve.invoke(StandardContextValve.java:90) ~[tomcat-embed-core-10.1.39.jar:10.1.39]
	at org.apache.catalina.authenticator.AuthenticatorBase.invoke(AuthenticatorBase.java:483) ~[tomcat-embed-core-10.1.39.jar:10.1.39]
	at org.apache.catalina.core.StandardHostValve.invoke(StandardHostValve.java:115) ~[tomcat-embed-core-10.1.39.jar:10.1.39]
	at org.apache.catalina.valves.ErrorReportValve.invoke(ErrorReportValve.java:93) ~[tomcat-embed-core-10.1.39.jar:10.1.39]
	at org.apache.catalina.core.StandardEngineValve.invoke(StandardEngineValve.java:74) ~[tomcat-embed-core-10.1.39.jar:10.1.39]
	at org.apache.catalina.connector.CoyoteAdapter.service(CoyoteAdapter.java:344) ~[tomcat-embed-core-10.1.39.jar:10.1.39]
	at org.apache.coyote.http11.Http11Processor.service(Http11Processor.java:397) ~[tomcat-embed-core-10.1.39.jar:10.1.39]
	at org.apache.coyote.AbstractProcessorLight.process(AbstractProcessorLight.java:63) ~[tomcat-embed-core-10.1.39.jar:10.1.39]
	at org.apache.coyote.AbstractProtocol$ConnectionHandler.process(AbstractProtocol.java:905) ~[tomcat-embed-core-10.1.39.jar:10.1.39]
	at org.apache.tomcat.util.net.NioEndpoint$SocketProcessor.doRun(NioEndpoint.java:1743) ~[tomcat-embed-core-10.1.39.jar:10.1.39]
	at org.apache.tomcat.util.net.SocketProcessorBase.run(SocketProcessorBase.java:52) ~[tomcat-embed-core-10.1.39.jar:10.1.39]
	at org.apache.tomcat.util.threads.ThreadPoolExecutor.runWorker(ThreadPoolExecutor.java:1190) ~[tomcat-embed-core-10.1.39.jar:10.1.39]
	at org.apache.tomcat.util.threads.ThreadPoolExecutor$Worker.run(ThreadPoolExecutor.java:659) ~[tomcat-embed-core-10.1.39.jar:10.1.39]
	at org.apache.tomcat.util.threads.TaskThread$WrappingRunnable.run(TaskThread.java:63) ~[tomcat-embed-core-10.1.39.jar:10.1.39]
	at java.base/java.lang.Thread.run(Thread.java:1583) ~[na:na]

2025-04-22T12:17:59.063+05:30  INFO 9056 --- [ProductCrudSpringDataJpaRest] [File Watcher] rtingClassPathChangeChangedEventListener : Restarting due to 1 class path change (0 additions, 0 deletions, 1 modification)
2025-04-22T12:17:59.067+05:30  INFO 9056 --- [ProductCrudSpringDataJpaRest] [Thread-5] o.s.b.w.e.tomcat.GracefulShutdown        : Commencing graceful shutdown. Waiting for active requests to complete
2025-04-22T12:17:59.076+05:30  INFO 9056 --- [ProductCrudSpringDataJpaRest] [tomcat-shutdown] o.s.b.w.e.tomcat.GracefulShutdown        : Graceful shutdown complete
2025-04-22T12:17:59.079+05:30  INFO 9056 --- [ProductCrudSpringDataJpaRest] [Thread-5] j.LocalContainerEntityManagerFactoryBean : Closing JPA EntityManagerFactory for persistence unit 'default'
2025-04-22T12:17:59.081+05:30  INFO 9056 --- [ProductCrudSpringDataJpaRest] [Thread-5] com.zaxxer.hikari.HikariDataSource       : HikariPool-1 - Shutdown initiated...
2025-04-22T12:17:59.090+05:30  INFO 9056 --- [ProductCrudSpringDataJpaRest] [Thread-5] com.zaxxer.hikari.HikariDataSource       : HikariPool-1 - Shutdown completed.
2025-04-22T12:17:59.178+05:30  INFO 9056 --- [ProductCrudSpringDataJpaRest] [restartedMain] .ProductCrudSpringDataJpaRestApplication : Starting ProductCrudSpringDataJpaRestApplication using Java 21 with PID 9056 (C:\Users\2400675\Documents\workspace-spring-tool-suite-4-4.29.0.RELEASE\ProductCrudSpringDataJpaRest\target\classes started by 2400675 in C:\Users\2400675\Documents\workspace-spring-tool-suite-4-4.29.0.RELEASE\ProductCrudSpringDataJpaRest)
2025-04-22T12:17:59.178+05:30  INFO 9056 --- [ProductCrudSpringDataJpaRest] [restartedMain] .ProductCrudSpringDataJpaRestApplication : No active profile set, falling back to 1 default profile: "default"
2025-04-22T12:17:59.439+05:30  INFO 9056 --- [ProductCrudSpringDataJpaRest] [restartedMain] .s.d.r.c.RepositoryConfigurationDelegate : Bootstrapping Spring Data JPA repositories in DEFAULT mode.
2025-04-22T12:17:59.455+05:30  INFO 9056 --- [ProductCrudSpringDataJpaRest] [restartedMain] .s.d.r.c.RepositoryConfigurationDelegate : Finished Spring Data repository scanning in 13 ms. Found 1 JPA repository interface.
2025-04-22T12:17:59.585+05:30  INFO 9056 --- [ProductCrudSpringDataJpaRest] [restartedMain] o.s.b.w.embedded.tomcat.TomcatWebServer  : Tomcat initialized with port 1243 (http)
2025-04-22T12:17:59.588+05:30  INFO 9056 --- [ProductCrudSpringDataJpaRest] [restartedMain] o.apache.catalina.core.StandardService   : Starting service [Tomcat]
2025-04-22T12:17:59.588+05:30  INFO 9056 --- [ProductCrudSpringDataJpaRest] [restartedMain] o.apache.catalina.core.StandardEngine    : Starting Servlet engine: [Apache Tomcat/10.1.39]
2025-04-22T12:17:59.612+05:30  INFO 9056 --- [ProductCrudSpringDataJpaRest] [restartedMain] o.a.c.c.C.[Tomcat].[localhost].[/]       : Initializing Spring embedded WebApplicationContext
2025-04-22T12:17:59.613+05:30  INFO 9056 --- [ProductCrudSpringDataJpaRest] [restartedMain] w.s.c.ServletWebServerApplicationContext : Root WebApplicationContext: initialization completed in 433 ms
2025-04-22T12:17:59.716+05:30  INFO 9056 --- [ProductCrudSpringDataJpaRest] [restartedMain] o.hibernate.jpa.internal.util.LogHelper  : HHH000204: Processing PersistenceUnitInfo [name: default]
2025-04-22T12:17:59.719+05:30  INFO 9056 --- [ProductCrudSpringDataJpaRest] [restartedMain] o.h.c.internal.RegionFactoryInitiator    : HHH000026: Second-level cache disabled
2025-04-22T12:17:59.733+05:30  INFO 9056 --- [ProductCrudSpringDataJpaRest] [restartedMain] o.s.o.j.p.SpringPersistenceUnitInfo      : No LoadTimeWeaver setup: ignoring JPA class transformer
2025-04-22T12:17:59.734+05:30  INFO 9056 --- [ProductCrudSpringDataJpaRest] [restartedMain] com.zaxxer.hikari.HikariDataSource       : HikariPool-2 - Starting...
2025-04-22T12:17:59.752+05:30  INFO 9056 --- [ProductCrudSpringDataJpaRest] [restartedMain] com.zaxxer.hikari.pool.HikariPool        : HikariPool-2 - Added connection com.mysql.cj.jdbc.ConnectionImpl@6a22a579
2025-04-22T12:17:59.752+05:30  INFO 9056 --- [ProductCrudSpringDataJpaRest] [restartedMain] com.zaxxer.hikari.HikariDataSource       : HikariPool-2 - Start completed.
2025-04-22T12:17:59.754+05:30  WARN 9056 --- [ProductCrudSpringDataJpaRest] [restartedMain] org.hibernate.orm.deprecation            : HHH90000025: MySQLDialect does not need to be specified explicitly using 'hibernate.dialect' (remove the property setting and it will be selected by default)
2025-04-22T12:17:59.754+05:30  INFO 9056 --- [ProductCrudSpringDataJpaRest] [restartedMain] org.hibernate.orm.connections.pooling    : HHH10001005: Database info:
	Database JDBC URL [Connecting through datasource 'HikariDataSource (HikariPool-2)']
	Database driver: undefined/unknown
	Database version: 8.0.41
	Autocommit mode: undefined/unknown
	Isolation level: undefined/unknown
	Minimum pool size: undefined/unknown
	Maximum pool size: undefined/unknown
2025-04-22T12:17:59.787+05:30  INFO 9056 --- [ProductCrudSpringDataJpaRest] [restartedMain] o.h.e.t.j.p.i.JtaPlatformInitiator       : HHH000489: No JTA platform available (set 'hibernate.transaction.jta.platform' to enable JTA platform integration)
2025-04-22T12:17:59.800+05:30  INFO 9056 --- [ProductCrudSpringDataJpaRest] [restartedMain] j.LocalContainerEntityManagerFactoryBean : Initialized JPA EntityManagerFactory for persistence unit 'default'
2025-04-22T12:17:59.905+05:30  WARN 9056 --- [ProductCrudSpringDataJpaRest] [restartedMain] JpaBaseConfiguration$JpaWebConfiguration : spring.jpa.open-in-view is enabled by default. Therefore, database queries may be performed during view rendering. Explicitly configure spring.jpa.open-in-view to disable this warning
2025-04-22T12:18:00.322+05:30  INFO 9056 --- [ProductCrudSpringDataJpaRest] [restartedMain] o.s.b.d.a.OptionalLiveReloadServer       : LiveReload server is running on port 35729
2025-04-22T12:18:00.329+05:30  INFO 9056 --- [ProductCrudSpringDataJpaRest] [restartedMain] o.s.b.a.e.web.EndpointLinksResolver      : Exposing 15 endpoints beneath base path '/actuator'
2025-04-22T12:18:00.358+05:30  INFO 9056 --- [ProductCrudSpringDataJpaRest] [restartedMain] o.s.b.w.embedded.tomcat.TomcatWebServer  : Tomcat started on port 1243 (http) with context path '/'
2025-04-22T12:18:00.362+05:30  INFO 9056 --- [ProductCrudSpringDataJpaRest] [restartedMain] .ProductCrudSpringDataJpaRestApplication : Started ProductCrudSpringDataJpaRestApplication in 1.217 seconds (process running for 407.612)
2025-04-22T12:18:00.366+05:30  INFO 9056 --- [ProductCrudSpringDataJpaRest] [restartedMain] .ConditionEvaluationDeltaLoggingListener : Condition evaluation unchanged
2025-04-22T12:18:19.180+05:30  INFO 9056 --- [ProductCrudSpringDataJpaRest] [File Watcher] rtingClassPathChangeChangedEventListener : Restarting due to 1 class path change (0 additions, 0 deletions, 1 modification)
2025-04-22T12:18:19.181+05:30  INFO 9056 --- [ProductCrudSpringDataJpaRest] [Thread-7] o.s.b.w.e.tomcat.GracefulShutdown        : Commencing graceful shutdown. Waiting for active requests to complete
2025-04-22T12:18:19.186+05:30  INFO 9056 --- [ProductCrudSpringDataJpaRest] [tomcat-shutdown] o.s.b.w.e.tomcat.GracefulShutdown        : Graceful shutdown complete
2025-04-22T12:18:19.190+05:30  INFO 9056 --- [ProductCrudSpringDataJpaRest] [Thread-7] j.LocalContainerEntityManagerFactoryBean : Closing JPA EntityManagerFactory for persistence unit 'default'
2025-04-22T12:18:19.191+05:30  INFO 9056 --- [ProductCrudSpringDataJpaRest] [Thread-7] com.zaxxer.hikari.HikariDataSource       : HikariPool-2 - Shutdown initiated...
2025-04-22T12:18:19.200+05:30  INFO 9056 --- [ProductCrudSpringDataJpaRest] [Thread-7] com.zaxxer.hikari.HikariDataSource       : HikariPool-2 - Shutdown completed.
2025-04-22T12:18:19.258+05:30  INFO 9056 --- [ProductCrudSpringDataJpaRest] [restartedMain] .ProductCrudSpringDataJpaRestApplication : Starting ProductCrudSpringDataJpaRestApplication using Java 21 with PID 9056 (C:\Users\2400675\Documents\workspace-spring-tool-suite-4-4.29.0.RELEASE\ProductCrudSpringDataJpaRest\target\classes started by 2400675 in C:\Users\2400675\Documents\workspace-spring-tool-suite-4-4.29.0.RELEASE\ProductCrudSpringDataJpaRest)
2025-04-22T12:18:19.259+05:30  INFO 9056 --- [ProductCrudSpringDataJpaRest] [restartedMain] .ProductCrudSpringDataJpaRestApplication : No active profile set, falling back to 1 default profile: "default"
2025-04-22T12:18:19.433+05:30  INFO 9056 --- [ProductCrudSpringDataJpaRest] [restartedMain] .s.d.r.c.RepositoryConfigurationDelegate : Bootstrapping Spring Data JPA repositories in DEFAULT mode.
2025-04-22T12:18:19.441+05:30  INFO 9056 --- [ProductCrudSpringDataJpaRest] [restartedMain] .s.d.r.c.RepositoryConfigurationDelegate : Finished Spring Data repository scanning in 6 ms. Found 1 JPA repository interface.
2025-04-22T12:18:19.515+05:30  INFO 9056 --- [ProductCrudSpringDataJpaRest] [restartedMain] o.s.b.w.embedded.tomcat.TomcatWebServer  : Tomcat initialized with port 1243 (http)
2025-04-22T12:18:19.515+05:30  INFO 9056 --- [ProductCrudSpringDataJpaRest] [restartedMain] o.apache.catalina.core.StandardService   : Starting service [Tomcat]
2025-04-22T12:18:19.516+05:30  INFO 9056 --- [ProductCrudSpringDataJpaRest] [restartedMain] o.apache.catalina.core.StandardEngine    : Starting Servlet engine: [Apache Tomcat/10.1.39]
2025-04-22T12:18:19.532+05:30  INFO 9056 --- [ProductCrudSpringDataJpaRest] [restartedMain] o.a.c.c.C.[Tomcat].[localhost].[/]       : Initializing Spring embedded WebApplicationContext
2025-04-22T12:18:19.532+05:30  INFO 9056 --- [ProductCrudSpringDataJpaRest] [restartedMain] w.s.c.ServletWebServerApplicationContext : Root WebApplicationContext: initialization completed in 272 ms
2025-04-22T12:18:19.617+05:30  INFO 9056 --- [ProductCrudSpringDataJpaRest] [restartedMain] o.hibernate.jpa.internal.util.LogHelper  : HHH000204: Processing PersistenceUnitInfo [name: default]
2025-04-22T12:18:19.619+05:30  INFO 9056 --- [ProductCrudSpringDataJpaRest] [restartedMain] o.h.c.internal.RegionFactoryInitiator    : HHH000026: Second-level cache disabled
2025-04-22T12:18:19.626+05:30  INFO 9056 --- [ProductCrudSpringDataJpaRest] [restartedMain] o.s.o.j.p.SpringPersistenceUnitInfo      : No LoadTimeWeaver setup: ignoring JPA class transformer
2025-04-22T12:18:19.627+05:30  INFO 9056 --- [ProductCrudSpringDataJpaRest] [restartedMain] com.zaxxer.hikari.HikariDataSource       : HikariPool-3 - Starting...
2025-04-22T12:18:19.641+05:30  INFO 9056 --- [ProductCrudSpringDataJpaRest] [restartedMain] com.zaxxer.hikari.pool.HikariPool        : HikariPool-3 - Added connection com.mysql.cj.jdbc.ConnectionImpl@53415ff6
2025-04-22T12:18:19.641+05:30  INFO 9056 --- [ProductCrudSpringDataJpaRest] [restartedMain] com.zaxxer.hikari.HikariDataSource       : HikariPool-3 - Start completed.
2025-04-22T12:18:19.642+05:30  WARN 9056 --- [ProductCrudSpringDataJpaRest] [restartedMain] org.hibernate.orm.deprecation            : HHH90000025: MySQLDialect does not need to be specified explicitly using 'hibernate.dialect' (remove the property setting and it will be selected by default)
2025-04-22T12:18:19.643+05:30  INFO 9056 --- [ProductCrudSpringDataJpaRest] [restartedMain] org.hibernate.orm.connections.pooling    : HHH10001005: Database info:
	Database JDBC URL [Connecting through datasource 'HikariDataSource (HikariPool-3)']
	Database driver: undefined/unknown
	Database version: 8.0.41
	Autocommit mode: undefined/unknown
	Isolation level: undefined/unknown
	Minimum pool size: undefined/unknown
	Maximum pool size: undefined/unknown
2025-04-22T12:18:19.665+05:30  INFO 9056 --- [ProductCrudSpringDataJpaRest] [restartedMain] o.h.e.t.j.p.i.JtaPlatformInitiator       : HHH000489: No JTA platform available (set 'hibernate.transaction.jta.platform' to enable JTA platform integration)
2025-04-22T12:18:19.672+05:30  INFO 9056 --- [ProductCrudSpringDataJpaRest] [restartedMain] j.LocalContainerEntityManagerFactoryBean : Initialized JPA EntityManagerFactory for persistence unit 'default'
2025-04-22T12:18:19.749+05:30  WARN 9056 --- [ProductCrudSpringDataJpaRest] [restartedMain] JpaBaseConfiguration$JpaWebConfiguration : spring.jpa.open-in-view is enabled by default. Therefore, database queries may be performed during view rendering. Explicitly configure spring.jpa.open-in-view to disable this warning
2025-04-22T12:18:20.049+05:30  INFO 9056 --- [ProductCrudSpringDataJpaRest] [restartedMain] o.s.b.d.a.OptionalLiveReloadServer       : LiveReload server is running on port 35729
2025-04-22T12:18:20.054+05:30  INFO 9056 --- [ProductCrudSpringDataJpaRest] [restartedMain] o.s.b.a.e.web.EndpointLinksResolver      : Exposing 15 endpoints beneath base path '/actuator'
2025-04-22T12:18:20.080+05:30  INFO 9056 --- [ProductCrudSpringDataJpaRest] [restartedMain] o.s.b.w.embedded.tomcat.TomcatWebServer  : Tomcat started on port 1243 (http) with context path '/'
2025-04-22T12:18:20.087+05:30  INFO 9056 --- [ProductCrudSpringDataJpaRest] [restartedMain] .ProductCrudSpringDataJpaRestApplication : Started ProductCrudSpringDataJpaRestApplication in 0.844 seconds (process running for 427.336)
2025-04-22T12:18:20.089+05:30  INFO 9056 --- [ProductCrudSpringDataJpaRest] [restartedMain] .ConditionEvaluationDeltaLoggingListener : Condition evaluation unchanged
2025-04-22T12:30:25.137+05:30  INFO 9056 --- [ProductCrudSpringDataJpaRest] [File Watcher] rtingClassPathChangeChangedEventListener : Restarting due to 2 class path changes (2 additions, 0 deletions, 0 modifications)
2025-04-22T12:30:25.142+05:30  INFO 9056 --- [ProductCrudSpringDataJpaRest] [Thread-11] o.s.b.w.e.tomcat.GracefulShutdown        : Commencing graceful shutdown. Waiting for active requests to complete
2025-04-22T12:30:25.163+05:30  INFO 9056 --- [ProductCrudSpringDataJpaRest] [tomcat-shutdown] o.s.b.w.e.tomcat.GracefulShutdown        : Graceful shutdown complete
2025-04-22T12:30:25.167+05:30  INFO 9056 --- [ProductCrudSpringDataJpaRest] [Thread-11] j.LocalContainerEntityManagerFactoryBean : Closing JPA EntityManagerFactory for persistence unit 'default'
2025-04-22T12:30:25.168+05:30  INFO 9056 --- [ProductCrudSpringDataJpaRest] [Thread-11] com.zaxxer.hikari.HikariDataSource       : HikariPool-3 - Shutdown initiated...
2025-04-22T12:30:25.179+05:30  INFO 9056 --- [ProductCrudSpringDataJpaRest] [Thread-11] com.zaxxer.hikari.HikariDataSource       : HikariPool-3 - Shutdown completed.
2025-04-22T12:30:25.245+05:30  INFO 9056 --- [ProductCrudSpringDataJpaRest] [restartedMain] .ProductCrudSpringDataJpaRestApplication : Starting ProductCrudSpringDataJpaRestApplication using Java 21 with PID 9056 (C:\Users\2400675\Documents\workspace-spring-tool-suite-4-4.29.0.RELEASE\ProductCrudSpringDataJpaRest\target\classes started by 2400675 in C:\Users\2400675\Documents\workspace-spring-tool-suite-4-4.29.0.RELEASE\ProductCrudSpringDataJpaRest)
2025-04-22T12:30:25.246+05:30  INFO 9056 --- [ProductCrudSpringDataJpaRest] [restartedMain] .ProductCrudSpringDataJpaRestApplication : No active profile set, falling back to 1 default profile: "default"
2025-04-22T12:30:25.430+05:30  INFO 9056 --- [ProductCrudSpringDataJpaRest] [restartedMain] .s.d.r.c.RepositoryConfigurationDelegate : Bootstrapping Spring Data JPA repositories in DEFAULT mode.
2025-04-22T12:30:25.436+05:30  INFO 9056 --- [ProductCrudSpringDataJpaRest] [restartedMain] .s.d.r.c.RepositoryConfigurationDelegate : Finished Spring Data repository scanning in 5 ms. Found 1 JPA repository interface.
2025-04-22T12:30:25.529+05:30  INFO 9056 --- [ProductCrudSpringDataJpaRest] [restartedMain] o.s.b.w.embedded.tomcat.TomcatWebServer  : Tomcat initialized with port 1243 (http)
2025-04-22T12:30:25.530+05:30  INFO 9056 --- [ProductCrudSpringDataJpaRest] [restartedMain] o.apache.catalina.core.StandardService   : Starting service [Tomcat]
2025-04-22T12:30:25.530+05:30  INFO 9056 --- [ProductCrudSpringDataJpaRest] [restartedMain] o.apache.catalina.core.StandardEngine    : Starting Servlet engine: [Apache Tomcat/10.1.39]
2025-04-22T12:30:25.545+05:30  INFO 9056 --- [ProductCrudSpringDataJpaRest] [restartedMain] o.a.c.c.C.[Tomcat].[localhost].[/]       : Initializing Spring embedded WebApplicationContext
2025-04-22T12:30:25.545+05:30  INFO 9056 --- [ProductCrudSpringDataJpaRest] [restartedMain] w.s.c.ServletWebServerApplicationContext : Root WebApplicationContext: initialization completed in 298 ms
2025-04-22T12:30:25.618+05:30  INFO 9056 --- [ProductCrudSpringDataJpaRest] [restartedMain] o.hibernate.jpa.internal.util.LogHelper  : HHH000204: Processing PersistenceUnitInfo [name: default]
2025-04-22T12:30:25.620+05:30  INFO 9056 --- [ProductCrudSpringDataJpaRest] [restartedMain] o.h.c.internal.RegionFactoryInitiator    : HHH000026: Second-level cache disabled
2025-04-22T12:30:25.625+05:30  INFO 9056 --- [ProductCrudSpringDataJpaRest] [restartedMain] o.s.o.j.p.SpringPersistenceUnitInfo      : No LoadTimeWeaver setup: ignoring JPA class transformer
2025-04-22T12:30:25.626+05:30  INFO 9056 --- [ProductCrudSpringDataJpaRest] [restartedMain] com.zaxxer.hikari.HikariDataSource       : HikariPool-4 - Starting...
2025-04-22T12:30:25.646+05:30  INFO 9056 --- [ProductCrudSpringDataJpaRest] [restartedMain] com.zaxxer.hikari.pool.HikariPool        : HikariPool-4 - Added connection com.mysql.cj.jdbc.ConnectionImpl@7d913721
2025-04-22T12:30:25.646+05:30  INFO 9056 --- [ProductCrudSpringDataJpaRest] [restartedMain] com.zaxxer.hikari.HikariDataSource       : HikariPool-4 - Start completed.
2025-04-22T12:30:25.647+05:30  WARN 9056 --- [ProductCrudSpringDataJpaRest] [restartedMain] org.hibernate.orm.deprecation            : HHH90000025: MySQLDialect does not need to be specified explicitly using 'hibernate.dialect' (remove the property setting and it will be selected by default)
2025-04-22T12:30:25.648+05:30  INFO 9056 --- [ProductCrudSpringDataJpaRest] [restartedMain] org.hibernate.orm.connections.pooling    : HHH10001005: Database info:
	Database JDBC URL [Connecting through datasource 'HikariDataSource (HikariPool-4)']
	Database driver: undefined/unknown
	Database version: 8.0.41
	Autocommit mode: undefined/unknown
	Isolation level: undefined/unknown
	Minimum pool size: undefined/unknown
	Maximum pool size: undefined/unknown
2025-04-22T12:30:25.673+05:30  INFO 9056 --- [ProductCrudSpringDataJpaRest] [restartedMain] o.h.e.t.j.p.i.JtaPlatformInitiator       : HHH000489: No JTA platform available (set 'hibernate.transaction.jta.platform' to enable JTA platform integration)
2025-04-22T12:30:25.683+05:30  INFO 9056 --- [ProductCrudSpringDataJpaRest] [restartedMain] j.LocalContainerEntityManagerFactoryBean : Initialized JPA EntityManagerFactory for persistence unit 'default'
2025-04-22T12:30:25.772+05:30  WARN 9056 --- [ProductCrudSpringDataJpaRest] [restartedMain] JpaBaseConfiguration$JpaWebConfiguration : spring.jpa.open-in-view is enabled by default. Therefore, database queries may be performed during view rendering. Explicitly configure spring.jpa.open-in-view to disable this warning
2025-04-22T12:30:26.141+05:30  INFO 9056 --- [ProductCrudSpringDataJpaRest] [restartedMain] o.s.b.d.a.OptionalLiveReloadServer       : LiveReload server is running on port 35729
2025-04-22T12:30:26.148+05:30  INFO 9056 --- [ProductCrudSpringDataJpaRest] [restartedMain] o.s.b.a.e.web.EndpointLinksResolver      : Exposing 15 endpoints beneath base path '/actuator'
2025-04-22T12:30:26.175+05:30  INFO 9056 --- [ProductCrudSpringDataJpaRest] [restartedMain] o.s.b.w.embedded.tomcat.TomcatWebServer  : Tomcat started on port 1243 (http) with context path '/'
2025-04-22T12:30:26.182+05:30  INFO 9056 --- [ProductCrudSpringDataJpaRest] [restartedMain] .ProductCrudSpringDataJpaRestApplication : Started ProductCrudSpringDataJpaRestApplication in 0.959 seconds (process running for 1153.431)
2025-04-22T12:30:26.184+05:30  INFO 9056 --- [ProductCrudSpringDataJpaRest] [restartedMain] .ConditionEvaluationDeltaLoggingListener : Condition evaluation unchanged
2025-04-22T12:30:55.497+05:30  INFO 9056 --- [ProductCrudSpringDataJpaRest] [RMI TCP Connection(37)-127.0.0.1] inMXBeanRegistrar$SpringApplicationAdmin : Application shutdown requested.
2025-04-22T12:30:55.497+05:30  INFO 9056 --- [ProductCrudSpringDataJpaRest] [RMI TCP Connection(37)-127.0.0.1] o.s.b.w.e.tomcat.GracefulShutdown        : Commencing graceful shutdown. Waiting for active requests to complete
2025-04-22T12:30:55.501+05:30  INFO 9056 --- [ProductCrudSpringDataJpaRest] [tomcat-shutdown] o.s.b.w.e.tomcat.GracefulShutdown        : Graceful shutdown complete
2025-04-22T12:30:55.503+05:30  INFO 9056 --- [ProductCrudSpringDataJpaRest] [RMI TCP Connection(37)-127.0.0.1] j.LocalContainerEntityManagerFactoryBean : Closing JPA EntityManagerFactory for persistence unit 'default'
2025-04-22T12:30:55.504+05:30  INFO 9056 --- [ProductCrudSpringDataJpaRest] [RMI TCP Connection(37)-127.0.0.1] com.zaxxer.hikari.HikariDataSource       : HikariPool-4 - Shutdown initiated...
2025-04-22T12:30:55.510+05:30  INFO 9056 --- [ProductCrudSpringDataJpaRest] [RMI TCP Connection(37)-127.0.0.1] com.zaxxer.hikari.HikariDataSource       : HikariPool-4 - Shutdown completed.
2025-04-22T12:31:03.472+05:30  INFO 13024 --- [ProductCrudSpringDataJpaRest] [restartedMain] .ProductCrudSpringDataJpaRestApplication : Starting ProductCrudSpringDataJpaRestApplication using Java 21 with PID 13024 (C:\Users\2400675\Documents\workspace-spring-tool-suite-4-4.29.0.RELEASE\ProductCrudSpringDataJpaRest\target\classes started by 2400675 in C:\Users\2400675\Documents\workspace-spring-tool-suite-4-4.29.0.RELEASE\ProductCrudSpringDataJpaRest)
2025-04-22T12:31:03.473+05:30  INFO 13024 --- [ProductCrudSpringDataJpaRest] [restartedMain] .ProductCrudSpringDataJpaRestApplication : No active profile set, falling back to 1 default profile: "default"
2025-04-22T12:31:03.514+05:30  INFO 13024 --- [ProductCrudSpringDataJpaRest] [restartedMain] .e.DevToolsPropertyDefaultsPostProcessor : Devtools property defaults active! Set 'spring.devtools.add-properties' to 'false' to disable
2025-04-22T12:31:03.515+05:30  INFO 13024 --- [ProductCrudSpringDataJpaRest] [restartedMain] .e.DevToolsPropertyDefaultsPostProcessor : For additional web related logging consider setting the 'logging.level.web' property to 'DEBUG'
2025-04-22T12:31:04.386+05:30  INFO 13024 --- [ProductCrudSpringDataJpaRest] [restartedMain] .s.d.r.c.RepositoryConfigurationDelegate : Bootstrapping Spring Data JPA repositories in DEFAULT mode.
2025-04-22T12:31:04.424+05:30  INFO 13024 --- [ProductCrudSpringDataJpaRest] [restartedMain] .s.d.r.c.RepositoryConfigurationDelegate : Finished Spring Data repository scanning in 30 ms. Found 1 JPA repository interface.
2025-04-22T12:31:04.943+05:30  INFO 13024 --- [ProductCrudSpringDataJpaRest] [restartedMain] o.s.b.w.embedded.tomcat.TomcatWebServer  : Tomcat initialized with port 1243 (http)
2025-04-22T12:31:04.952+05:30  INFO 13024 --- [ProductCrudSpringDataJpaRest] [restartedMain] o.apache.catalina.core.StandardService   : Starting service [Tomcat]
2025-04-22T12:31:04.953+05:30  INFO 13024 --- [ProductCrudSpringDataJpaRest] [restartedMain] o.apache.catalina.core.StandardEngine    : Starting Servlet engine: [Apache Tomcat/10.1.39]
2025-04-22T12:31:04.991+05:30  INFO 13024 --- [ProductCrudSpringDataJpaRest] [restartedMain] o.a.c.c.C.[Tomcat].[localhost].[/]       : Initializing Spring embedded WebApplicationContext
2025-04-22T12:31:04.992+05:30  INFO 13024 --- [ProductCrudSpringDataJpaRest] [restartedMain] w.s.c.ServletWebServerApplicationContext : Root WebApplicationContext: initialization completed in 1476 ms
2025-04-22T12:31:05.220+05:30  INFO 13024 --- [ProductCrudSpringDataJpaRest] [restartedMain] o.hibernate.jpa.internal.util.LogHelper  : HHH000204: Processing PersistenceUnitInfo [name: default]
2025-04-22T12:31:05.256+05:30  INFO 13024 --- [ProductCrudSpringDataJpaRest] [restartedMain] org.hibernate.Version                    : HHH000412: Hibernate ORM core version 6.6.11.Final
2025-04-22T12:31:05.296+05:30  INFO 13024 --- [ProductCrudSpringDataJpaRest] [restartedMain] o.h.c.internal.RegionFactoryInitiator    : HHH000026: Second-level cache disabled
2025-04-22T12:31:05.505+05:30  INFO 13024 --- [ProductCrudSpringDataJpaRest] [restartedMain] o.s.o.j.p.SpringPersistenceUnitInfo      : No LoadTimeWeaver setup: ignoring JPA class transformer
2025-04-22T12:31:05.529+05:30  INFO 13024 --- [ProductCrudSpringDataJpaRest] [restartedMain] com.zaxxer.hikari.HikariDataSource       : HikariPool-1 - Starting...
2025-04-22T12:31:05.764+05:30  INFO 13024 --- [ProductCrudSpringDataJpaRest] [restartedMain] com.zaxxer.hikari.pool.HikariPool        : HikariPool-1 - Added connection com.mysql.cj.jdbc.ConnectionImpl@3976fc7d
2025-04-22T12:31:05.765+05:30  INFO 13024 --- [ProductCrudSpringDataJpaRest] [restartedMain] com.zaxxer.hikari.HikariDataSource       : HikariPool-1 - Start completed.
2025-04-22T12:31:05.812+05:30  WARN 13024 --- [ProductCrudSpringDataJpaRest] [restartedMain] org.hibernate.orm.deprecation            : HHH90000025: MySQLDialect does not need to be specified explicitly using 'hibernate.dialect' (remove the property setting and it will be selected by default)
2025-04-22T12:31:05.825+05:30  INFO 13024 --- [ProductCrudSpringDataJpaRest] [restartedMain] org.hibernate.orm.connections.pooling    : HHH10001005: Database info:
	Database JDBC URL [Connecting through datasource 'HikariDataSource (HikariPool-1)']
	Database driver: undefined/unknown
	Database version: 8.0.41
	Autocommit mode: undefined/unknown
	Isolation level: undefined/unknown
	Minimum pool size: undefined/unknown
	Maximum pool size: undefined/unknown
2025-04-22T12:31:06.471+05:30  INFO 13024 --- [ProductCrudSpringDataJpaRest] [restartedMain] o.h.e.t.j.p.i.JtaPlatformInitiator       : HHH000489: No JTA platform available (set 'hibernate.transaction.jta.platform' to enable JTA platform integration)
2025-04-22T12:31:06.508+05:30  INFO 13024 --- [ProductCrudSpringDataJpaRest] [restartedMain] j.LocalContainerEntityManagerFactoryBean : Initialized JPA EntityManagerFactory for persistence unit 'default'
2025-04-22T12:31:06.813+05:30  WARN 13024 --- [ProductCrudSpringDataJpaRest] [restartedMain] JpaBaseConfiguration$JpaWebConfiguration : spring.jpa.open-in-view is enabled by default. Therefore, database queries may be performed during view rendering. Explicitly configure spring.jpa.open-in-view to disable this warning
2025-04-22T12:31:07.458+05:30  INFO 13024 --- [ProductCrudSpringDataJpaRest] [restartedMain] o.s.b.d.a.OptionalLiveReloadServer       : LiveReload server is running on port 35729
2025-04-22T12:31:07.472+05:30  INFO 13024 --- [ProductCrudSpringDataJpaRest] [restartedMain] o.s.b.a.e.web.EndpointLinksResolver      : Exposing 15 endpoints beneath base path '/actuator'
2025-04-22T12:31:07.544+05:30  INFO 13024 --- [ProductCrudSpringDataJpaRest] [restartedMain] o.s.b.w.embedded.tomcat.TomcatWebServer  : Tomcat started on port 1243 (http) with context path '/'
2025-04-22T12:31:07.553+05:30  INFO 13024 --- [ProductCrudSpringDataJpaRest] [restartedMain] .ProductCrudSpringDataJpaRestApplication : Started ProductCrudSpringDataJpaRestApplication in 4.404 seconds (process running for 4.992)
2025-04-22T12:31:07.891+05:30  INFO 13024 --- [ProductCrudSpringDataJpaRest] [RMI TCP Connection(8)-127.0.0.1] o.a.c.c.C.[Tomcat].[localhost].[/]       : Initializing Spring DispatcherServlet 'dispatcherServlet'
2025-04-22T12:31:07.891+05:30  INFO 13024 --- [ProductCrudSpringDataJpaRest] [RMI TCP Connection(8)-127.0.0.1] o.s.web.servlet.DispatcherServlet        : Initializing Servlet 'dispatcherServlet'
2025-04-22T12:31:07.892+05:30  INFO 13024 --- [ProductCrudSpringDataJpaRest] [RMI TCP Connection(8)-127.0.0.1] o.s.web.servlet.DispatcherServlet        : Completed initialization in 1 ms
2025-04-22T12:31:12.958+05:30  WARN 13024 --- [ProductCrudSpringDataJpaRest] [http-nio-1243-exec-1] .m.m.a.ExceptionHandlerExceptionResolver : Resolved [com.cts.exceptions.ProductNotFound: Product Id is not valid]
2025-04-22T13:21:51.451+05:30  WARN 13024 --- [ProductCrudSpringDataJpaRest] [HikariPool-1 housekeeper] com.zaxxer.hikari.pool.HikariPool        : HikariPool-1 - Thread starvation or clock leap detected (housekeeper delta=32m45s193ms77µs600ns).
2025-04-22T14:16:03.596+05:30  WARN 13024 --- [ProductCrudSpringDataJpaRest] [http-nio-1243-exec-6] .m.m.a.ExceptionHandlerExceptionResolver : Resolved [org.springframework.web.servlet.resource.NoResourceFoundException: No static resource products/getproduct.]
2025-04-22T14:16:09.535+05:30  WARN 13024 --- [ProductCrudSpringDataJpaRest] [http-nio-1243-exec-7] .m.m.a.ExceptionHandlerExceptionResolver : Resolved [com.cts.exceptions.ProductNotFound: Product Id is not valid]
2025-04-22T14:17:16.155+05:30  WARN 13024 --- [ProductCrudSpringDataJpaRest] [http-nio-1243-exec-10] .m.m.a.ExceptionHandlerExceptionResolver : Resolved [org.springframework.web.HttpRequestMethodNotSupportedException: Request method 'GET' is not supported]
2025-04-22T14:35:01.178+05:30  INFO 13024 --- [ProductCrudSpringDataJpaRest] [RMI TCP Connection(103)-127.0.0.1] inMXBeanRegistrar$SpringApplicationAdmin : Application shutdown requested.
2025-04-22T14:35:01.181+05:30  INFO 13024 --- [ProductCrudSpringDataJpaRest] [RMI TCP Connection(103)-127.0.0.1] o.s.b.w.e.tomcat.GracefulShutdown        : Commencing graceful shutdown. Waiting for active requests to complete
2025-04-22T14:35:01.186+05:30  INFO 13024 --- [ProductCrudSpringDataJpaRest] [tomcat-shutdown] o.s.b.w.e.tomcat.GracefulShutdown        : Graceful shutdown complete
2025-04-22T14:35:01.191+05:30  INFO 13024 --- [ProductCrudSpringDataJpaRest] [RMI TCP Connection(103)-127.0.0.1] j.LocalContainerEntityManagerFactoryBean : Closing JPA EntityManagerFactory for persistence unit 'default'
2025-04-22T14:35:01.195+05:30  INFO 13024 --- [ProductCrudSpringDataJpaRest] [RMI TCP Connection(103)-127.0.0.1] com.zaxxer.hikari.HikariDataSource       : HikariPool-1 - Shutdown initiated...
2025-04-22T14:35:01.202+05:30  INFO 13024 --- [ProductCrudSpringDataJpaRest] [RMI TCP Connection(103)-127.0.0.1] com.zaxxer.hikari.HikariDataSource       : HikariPool-1 - Shutdown completed.
